<?xml version="1.0" encoding="UTF-8"?>
<!-- Generated by org.testng.reporters.JUnitXMLReporter -->
<testsuite ignored="8" hostname="CEPLs-MacBook-Air.local" failures="0" tests="1" name="Default test" time="23.247" errors="0" timestamp="2025-08-15T22:46:53 IST">
  <testcase classname="Utilities.BaseClass" name="@BeforeClass setup" time="22.971">
    <failure type="org.openqa.selenium.SessionNotCreatedException" message="Could not start a new session. Response code 500. Message: An unknown server-side error occurred while processing the command. Original error: Could not find a connected Android device in 20000ms 
Host info: host: &amp;apos;CEPLs-MacBook-Air.local&amp;apos;, ip: &amp;apos;fe80:0:0:0:c7a:d309:7f0:57a6%en0&amp;apos;
Build info: version: &amp;apos;4.13.0&amp;apos;, revision: &amp;apos;ba948ece5b*&amp;apos;
System info: os.name: &amp;apos;Mac OS X&amp;apos;, os.arch: &amp;apos;x86_64&amp;apos;, os.version: &amp;apos;15.3.2&amp;apos;, java.version: &amp;apos;21.0.6&amp;apos;
Driver info: io.appium.java_client.android.AndroidDriver
Command: [null, newSession {capabilities=[{appium:udid=07589311BN040005, appium:autoGrantPermissions=true, appium:deviceName=INFINIX MOBILITY LIMITED infinix X663 API 31, platformName=ANDROID, appium:automationName=UiAutomator2, appium:app=/Users/cepl/git/WolooPowderRoom1/PowderRoom_Automation/apps/app-woloo-debug (5).apk, appium:platformVersion=12}], desiredCapabilities=Capabilities {appium:app: /Users/cepl/git/WolooPowder..., appium:autoGrantPermissions: true, appium:automationName: UiAutomator2, appium:deviceName: INFINIX MOBILITY LIMITED in..., appium:platformVersion: 12, appium:udid: 07589311BN040005, platformName: ANDROID}}]
Capabilities {appium:app: /Users/cepl/git/WolooPowder..., appium:autoGrantPermissions: true, appium:automationName: UiAutomator2, appium:deviceName: INFINIX MOBILITY LIMITED in..., appium:platformVersion: 12, appium:udid: 07589311BN040005, platformName: ANDROID}">
      <![CDATA[org.openqa.selenium.SessionNotCreatedException: Could not start a new session. Response code 500. Message: An unknown server-side error occurred while processing the command. Original error: Could not find a connected Android device in 20000ms 
Host info: host: 'CEPLs-MacBook-Air.local', ip: 'fe80:0:0:0:c7a:d309:7f0:57a6%en0'
Build info: version: '4.13.0', revision: 'ba948ece5b*'
System info: os.name: 'Mac OS X', os.arch: 'x86_64', os.version: '15.3.2', java.version: '21.0.6'
Driver info: io.appium.java_client.android.AndroidDriver
Command: [null, newSession {capabilities=[{appium:udid=07589311BN040005, appium:autoGrantPermissions=true, appium:deviceName=INFINIX MOBILITY LIMITED infinix X663 API 31, platformName=ANDROID, appium:automationName=UiAutomator2, appium:app=/Users/cepl/git/WolooPowderRoom1/PowderRoom_Automation/apps/app-woloo-debug (5).apk, appium:platformVersion=12}], desiredCapabilities=Capabilities {appium:app: /Users/cepl/git/WolooPowder..., appium:autoGrantPermissions: true, appium:automationName: UiAutomator2, appium:deviceName: INFINIX MOBILITY LIMITED in..., appium:platformVersion: 12, appium:udid: 07589311BN040005, platformName: ANDROID}}]
Capabilities {appium:app: /Users/cepl/git/WolooPowder..., appium:autoGrantPermissions: true, appium:automationName: UiAutomator2, appium:deviceName: INFINIX MOBILITY LIMITED in..., appium:platformVersion: 12, appium:udid: 07589311BN040005, platformName: ANDROID}
at org.openqa.selenium.remote.ProtocolHandshake.createSession(ProtocolHandshake.java:140)
at java.base/jdk.internal.reflect.DirectMethodHandleAccessor.invoke(DirectMethodHandleAccessor.java:103)
at java.base/java.lang.reflect.Method.invoke(Method.java:580)
at io.appium.java_client.remote.AppiumProtocolHandshake.createSession(AppiumProtocolHandshake.java:133)
at io.appium.java_client.remote.AppiumProtocolHandshake.createSession(AppiumProtocolHandshake.java:102)
at io.appium.java_client.remote.AppiumCommandExecutor.createSession(AppiumCommandExecutor.java:182)
at io.appium.java_client.remote.AppiumCommandExecutor.execute(AppiumCommandExecutor.java:250)
at org.openqa.selenium.remote.RemoteWebDriver.execute(RemoteWebDriver.java:602)
at io.appium.java_client.AppiumDriver.startSession(AppiumDriver.java:274)
at org.openqa.selenium.remote.RemoteWebDriver.<init>(RemoteWebDriver.java:163)
at io.appium.java_client.AppiumDriver.<init>(AppiumDriver.java:89)
at io.appium.java_client.AppiumDriver.<init>(AppiumDriver.java:101)
at io.appium.java_client.android.AndroidDriver.<init>(AndroidDriver.java:113)
at Utilities.BaseClass.setup(BaseClass.java:68)
at java.base/jdk.internal.reflect.DirectMethodHandleAccessor.invoke(DirectMethodHandleAccessor.java:103)
at java.base/java.lang.reflect.Method.invoke(Method.java:580)
at org.testng.internal.invokers.MethodInvocationHelper.invokeMethod(MethodInvocationHelper.java:139)
at org.testng.internal.invokers.MethodInvocationHelper.invokeMethodConsideringTimeout(MethodInvocationHelper.java:69)
at org.testng.internal.invokers.ConfigInvoker.invokeConfigurationMethod(ConfigInvoker.java:390)
at org.testng.internal.invokers.ConfigInvoker.invokeConfigurations(ConfigInvoker.java:325)
at org.testng.internal.invokers.TestMethodWorker.invokeBeforeClassMethods(TestMethodWorker.java:180)
at org.testng.internal.invokers.TestMethodWorker.run(TestMethodWorker.java:122)
at java.base/java.util.ArrayList.forEach(ArrayList.java:1596)
at org.testng.TestRunner.privateRun(TestRunner.java:848)
at org.testng.TestRunner.run(TestRunner.java:621)
at org.testng.SuiteRunner.runTest(SuiteRunner.java:443)
at org.testng.SuiteRunner.runSequentially(SuiteRunner.java:437)
at org.testng.SuiteRunner.privateRun(SuiteRunner.java:397)
at org.testng.SuiteRunner.run(SuiteRunner.java:336)
at org.testng.SuiteRunnerWorker.runSuite(SuiteRunnerWorker.java:52)
at org.testng.SuiteRunnerWorker.run(SuiteRunnerWorker.java:95)
at org.testng.TestNG.runSuitesSequentially(TestNG.java:1280)
at org.testng.TestNG.runSuitesLocally(TestNG.java:1200)
at org.testng.TestNG.runSuites(TestNG.java:1114)
at org.testng.TestNG.run(TestNG.java:1082)
at org.testng.remote.AbstractRemoteTestNG.run(AbstractRemoteTestNG.java:115)
at org.testng.remote.RemoteTestNG.initAndRun(RemoteTestNG.java:293)
at org.testng.remote.RemoteTestNG.main(RemoteTestNG.java:91)
]]>
    </failure>
  </testcase> <!-- @BeforeClass setup -->
  <testcase classname="Utilities.BaseClass" name="@BeforeMethod launchApp" time="0.0">
    <skipped/>
  </testcase> <!-- @BeforeMethod launchApp -->
  <testcase classname="Utilities.BaseClass" name="@AfterMethod closeApp" time="0.0">
    <skipped/>
  </testcase> <!-- @AfterMethod closeApp -->
  <testcase classname="Utilities.BaseClass" name="@AfterClass tearDown" time="0.0">
    <skipped/>
  </testcase> <!-- @AfterClass tearDown -->
  <testcase classname="com_powderRoom_LoginTest.UserLoginTest" name="TC_Wl_01_welcomeScreenTest" time="0.0">
    <skipped/>
  </testcase> <!-- TC_Wl_01_welcomeScreenTest -->
  <testcase classname="com_powderRoom_LoginTest.UserLoginTest" name="TC_Wl_09_validOTPVaildationTest" time="0.0">
    <ignored/>
  </testcase> <!-- TC_Wl_09_validOTPVaildationTest -->
  <testcase classname="com_powderRoom_LoginTest.UserLoginTest" name="TC_Wl_05_invalidMobileNoValidationTest" time="0.0">
    <ignored/>
  </testcase> <!-- TC_Wl_05_invalidMobileNoValidationTest -->
  <testcase classname="com_powderRoom_LoginTest.UserLoginTest" name="TC_Wl_03_verifyOTPScreenDisplayTest" time="0.0">
    <ignored/>
  </testcase> <!-- TC_Wl_03_verifyOTPScreenDisplayTest -->
  <testcase classname="com_powderRoom_LoginTest.UserLoginTest" name="TC_Wl_04_emptyMobileNoValidationTest" time="0.0">
    <ignored/>
  </testcase> <!-- TC_Wl_04_emptyMobileNoValidationTest -->
  <testcase classname="com_powderRoom_LoginTest.UserLoginTest" name="TC_Wl_07_inValidOTPVaildationTest" time="0.0">
    <ignored/>
  </testcase> <!-- TC_Wl_07_inValidOTPVaildationTest -->
  <testcase classname="com_powderRoom_LoginTest.UserLoginTest" name="TC_Wl_02_verifyLoginScreenTest" time="0.0">
    <ignored/>
  </testcase> <!-- TC_Wl_02_verifyLoginScreenTest -->
  <testcase classname="com_powderRoom_LoginTest.UserLoginTest" name="TC_Wl_06_emptyOTPVaildationTest" time="0.0">
    <ignored/>
  </testcase> <!-- TC_Wl_06_emptyOTPVaildationTest -->
  <testcase classname="com_powderRoom_LoginTest.UserLoginTest" name="TC_Wl_08_OTPClearFunctionalityTest" time="0.0">
    <ignored/>
  </testcase> <!-- TC_Wl_08_OTPClearFunctionalityTest -->
</testsuite> <!-- Default test -->
