<?xml version="1.0" encoding="UTF-8"?>
<!-- Generated by org.testng.reporters.JUnitXMLReporter -->
<testsuite ignored="0" hostname="TYSS-Dilip-Chakkarabani" failures="0" tests="8" name="Default test" time="290.394" errors="0" timestamp="2025-06-07T16:48:08 IST">
  <testcase classname="com_powderRoom_BlogTest.BlogsTest" name="TC_Wl_01_validateScrollBlogsTest" time="37.407"/>
  <testcase classname="com_powderRoom_BlogTest.BlogsTest" name="TC_Wl_02_validateCategoryTest" time="27.386"/>
  <testcase classname="com_powderRoom_BlogTest.BlogsTest" name="TC_Wl_03_validateBlogCommentsTest" time="31.628"/>
  <testcase classname="com_powderRoom_BlogTest.BlogsTest" name="TC_Wl_04_validateShareFunctionalityTest" time="27.849"/>
  <testcase classname="com_powderRoom_BlogTest.BlogsTest" name="TC_Wl_05_validateShopNowFunctionalityTest" time="25.967"/>
  <testcase classname="com_powderRoom_BlogTest.BlogsTest" name="TC_Wl_06_validateWolooPointsPopupTest" time="26.38"/>
  <testcase classname="com_powderRoom_BlogTest.BlogsTest" name="TC_Wl_07_validateWolooPointsPopupUIFunctionalityTest" time="36.324"/>
  <testcase classname="com_powderRoom_BlogTest.BlogsTest" name="TC_Wl_08_validateBlogsDetailScreenUITest" time="37.162"/>
</testsuite> <!-- Default test -->
